{
  "stats": {
    "suites": 2,
    "tests": 4,
    "passes": 4,
    "pending": 0,
    "failures": 0,
    "start": "2023-06-25T14:18:00.285Z",
    "end": "2023-06-25T14:18:01.205Z",
    "duration": 920,
    "testsRegistered": 4,
    "passPercent": 100,
    "pendingPercent": 0,
    "other": 0,
    "hasOther": false,
    "skipped": 0,
    "hasSkipped": false
  },
  "results": [
    {
      "uuid": "0db3e006-2f4b-49bf-979d-6c55fad87990",
      "title": "",
      "fullFile": "",
      "file": "",
      "beforeHooks": [],
      "afterHooks": [],
      "tests": [],
      "suites": [
        {
          "uuid": "ecebb4ac-66b4-44f4-b0b7-5ffae1d119f8",
          "title": "Store Registration - Auth",
          "fullFile": "D:\\Playground\\sanber45Mocha-rifqiAP\\test\\kasirAja-tugas4.js",
          "file": "\\test\\kasirAja-tugas4.js",
          "beforeHooks": [],
          "afterHooks": [],
          "tests": [
            {
              "title": "Status equal 201 (created)",
              "fullTitle": "Store Registration - Auth Status equal 201 (created)",
              "timedOut": false,
              "duration": 414,
              "state": "passed",
              "speed": "slow",
              "pass": true,
              "fail": false,
              "pending": false,
              "context": null,
              "code": "expect((await response).status).to.equal(201);\nconsole.log(\"Response StatusCode: \"+(await response).statusCode);",
              "err": {},
              "uuid": "aeb04f35-2f1e-45aa-9d2e-0af33cb5494d",
              "parentUUID": "ecebb4ac-66b4-44f4-b0b7-5ffae1d119f8",
              "isHook": false,
              "skipped": false
            },
            {
              "title": "Status Body equal 'Toko Berhasil didaftarkan'",
              "fullTitle": "Store Registration - Auth Status Body equal 'Toko Berhasil didaftarkan'",
              "timedOut": false,
              "duration": 1,
              "state": "passed",
              "speed": "fast",
              "pass": true,
              "fail": false,
              "pending": false,
              "context": null,
              "code": "expect((await response).body.message).to.equal(\"Toko berhasil didaftarkan\");\nconsole.log(\"Response Body 'Status': \"+(await response).body.message);",
              "err": {},
              "uuid": "a699fdf3-6482-48ad-a187-69e07dbde337",
              "parentUUID": "ecebb4ac-66b4-44f4-b0b7-5ffae1d119f8",
              "isHook": false,
              "skipped": false
            }
          ],
          "suites": [],
          "passes": [
            "aeb04f35-2f1e-45aa-9d2e-0af33cb5494d",
            "a699fdf3-6482-48ad-a187-69e07dbde337"
          ],
          "failures": [],
          "pending": [],
          "skipped": [],
          "duration": 415,
          "root": false,
          "rootEmpty": false,
          "_timeout": 2000
        },
        {
          "uuid": "71687240-4770-47ce-bb6d-c1e0a42eafe4",
          "title": "POST Auth - Login User",
          "fullFile": "D:\\Playground\\sanber45Mocha-rifqiAP\\test\\kasirAja-tugas4.js",
          "file": "\\test\\kasirAja-tugas4.js",
          "beforeHooks": [],
          "afterHooks": [],
          "tests": [
            {
              "title": "Login with VALID credentials (Success) - Status Code 201",
              "fullTitle": "POST Auth - Login User Login with VALID credentials (Success) - Status Code 201",
              "timedOut": false,
              "duration": 413,
              "state": "passed",
              "speed": "slow",
              "pass": true,
              "fail": false,
              "pending": false,
              "context": null,
              "code": "const response = await request\n    .post(\"/authentications\")\n    .send({\n        \"email\": userCred.user_cred.email,\n        \"password\": userCred.user_cred.password\n    })\n\nexpect(await response.statusCode).to.eql(201);\nconsole.log(await response.body)",
              "err": {},
              "uuid": "048fe294-0bb7-4be8-b49a-80511b217a6e",
              "parentUUID": "71687240-4770-47ce-bb6d-c1e0a42eafe4",
              "isHook": false,
              "skipped": false
            },
            {
              "title": "Login with INVALID credentials (Failed) - Status Code 401",
              "fullTitle": "POST Auth - Login User Login with INVALID credentials (Failed) - Status Code 401",
              "timedOut": false,
              "duration": 86,
              "state": "passed",
              "speed": "slow",
              "pass": true,
              "fail": false,
              "pending": false,
              "context": null,
              "code": "const response = await request\n    .post(\"/authentications\")\n    .send({\n        \"email\": \"rifqirifqi@yopmail.com\",\n        \"password\": \"inipassword\"\n    })\n\nexpect(await response.statusCode).to.eql(401);\nconsole.log(await response.body)",
              "err": {},
              "uuid": "996dd39c-ce38-44d2-b637-7cd33b3d5b1e",
              "parentUUID": "71687240-4770-47ce-bb6d-c1e0a42eafe4",
              "isHook": false,
              "skipped": false
            }
          ],
          "suites": [],
          "passes": [
            "048fe294-0bb7-4be8-b49a-80511b217a6e",
            "996dd39c-ce38-44d2-b637-7cd33b3d5b1e"
          ],
          "failures": [],
          "pending": [],
          "skipped": [],
          "duration": 499,
          "root": false,
          "rootEmpty": false,
          "_timeout": 2000
        }
      ],
      "passes": [],
      "failures": [],
      "pending": [],
      "skipped": [],
      "duration": 0,
      "root": true,
      "rootEmpty": true,
      "_timeout": 2000
    }
  ],
  "meta": {
    "mocha": {
      "version": "10.2.0"
    },
    "mochawesome": {
      "options": {
        "quiet": false,
        "reportFilename": "mochawesome",
        "saveHtml": true,
        "saveJson": true,
        "consoleReporter": "spec",
        "useInlineDiffs": false,
        "code": true
      },
      "version": "7.1.3"
    },
    "marge": {
      "options": null,
      "version": "6.2.0"
    }
  }
}